<?xml version="1.0" encoding="UTF-8"?>
<robot generator="Robot 7.0 (Python 3.11.8 on win32)" generated="2024-02-21T18:27:39.077766" rpa="false" schemaversion="5">
<suite id="s1" name="Aula2" source="D:\Treinamento Robot Sankhya\automacao_robot_python\Aula2.robot">
<test id="s1-t1" name="Imprime dicionario" line="13">
<kw name="Log To Console" owner="BuiltIn">
<arg>${PESSOA.nome}</arg>
<doc>Logs the given message to the console.</doc>
<status status="PASS" start="2024-02-21T18:27:39.112500" elapsed="0.000000"/>
</kw>
<status status="PASS" start="2024-02-21T18:27:39.111492" elapsed="0.002491"/>
</test>
<test id="s1-t2" name="Imprime Frutas" line="16">
<kw name="Log To Console" owner="BuiltIn">
<arg>A fruta é ${FRUTAS}[0]</arg>
<doc>Logs the given message to the console.</doc>
<status status="PASS" start="2024-02-21T18:27:39.115412" elapsed="0.001006"/>
</kw>
<kw name="Log To Console" owner="BuiltIn">
<arg>A fruta é ${FRUTAS}[1]</arg>
<doc>Logs the given message to the console.</doc>
<status status="PASS" start="2024-02-21T18:27:39.116418" elapsed="0.000000"/>
</kw>
<kw name="Log To Console" owner="BuiltIn">
<arg>A fruta é ${FRUTAS}[2]</arg>
<doc>Logs the given message to the console.</doc>
<status status="PASS" start="2024-02-21T18:27:39.117924" elapsed="0.001013"/>
</kw>
<status status="PASS" start="2024-02-21T18:27:39.115412" elapsed="0.003525"/>
</test>
<status status="PASS" start="2024-02-21T18:27:39.078778" elapsed="0.042170"/>
</suite>
<statistics>
<total>
<stat pass="2" fail="0" skip="0">All Tests</stat>
</total>
<tag>
</tag>
<suite>
<stat pass="2" fail="0" skip="0" id="s1" name="Aula2">Aula2</stat>
</suite>
</statistics>
<errors>
</errors>
</robot>
