<?xml version="1.0" encoding="UTF-8"?>
<robot generator="Robot 7.0 (Python 3.11.8 on win32)" generated="2024-02-26T18:37:17.898021" rpa="false" schemaversion="5">
<suite id="s1" name="Aula4 IF test" source="D:\Treinamento Robot Sankhya\automacao_robot_python\Aula4 IF test.robot">
<test id="s1-t1" name="Impressao IF" line="17">
<kw name="Percorrer_if">
<if>
<branch type="IF" condition="${NUMERO}==5">
<kw name="Log To Console" owner="BuiltIn">
<arg>${NUMERO}</arg>
<doc>Logs the given message to the console.</doc>
<status status="NOT RUN" start="2024-02-26T18:37:17.934637" elapsed="0.000000"/>
</kw>
<status status="NOT RUN" start="2024-02-26T18:37:17.934637" elapsed="0.000000"/>
</branch>
<branch type="ELSE IF" condition="${NUMERO}==8">
<kw name="Log To Console" owner="BuiltIn">
<arg>${NUMERO}</arg>
<doc>Logs the given message to the console.</doc>
<status status="NOT RUN" start="2024-02-26T18:37:17.935636" elapsed="0.000000"/>
</kw>
<status status="NOT RUN" start="2024-02-26T18:37:17.934637" elapsed="0.000999"/>
</branch>
<status status="PASS" start="2024-02-26T18:37:17.934637" elapsed="0.000999"/>
</if>
<status status="PASS" start="2024-02-26T18:37:17.933619" elapsed="0.002017"/>
</kw>
<status status="PASS" start="2024-02-26T18:37:17.933093" elapsed="0.003684"/>
</test>
<status status="PASS" start="2024-02-26T18:37:17.900716" elapsed="0.036900"/>
</suite>
<statistics>
<total>
<stat pass="1" fail="0" skip="0">All Tests</stat>
</total>
<tag>
</tag>
<suite>
<stat pass="1" fail="0" skip="0" id="s1" name="Aula4 IF test">Aula4 IF test</stat>
</suite>
</statistics>
<errors>
</errors>
</robot>
